c:\metodynumeryczneprojekt\numericlib\numericlib\x64\debug\vc143.pdb
c:\metodynumeryczneprojekt\numericlib\numericlib\x64\debug\vc143.idb
c:\metodynumeryczneprojekt\numericlib\numericlib\x64\debug\runtests.obj
c:\metodynumeryczneprojekt\numericlib\numericlib\x64\debug\gauss_elimination.obj
c:\metodynumeryczneprojekt\numericlib\numericlib\x64\debug\newton.obj
c:\metodynumeryczneprojekt\numericlib\numericlib\x64\debug\lagrange.obj
c:\metodynumeryczneprojekt\numericlib\numericlib\x64\debug\trapezoid.obj
c:\metodynumeryczneprojekt\numericlib\numericlib\x64\debug\simpson.obj
c:\metodynumeryczneprojekt\numericlib\numericlib\x64\debug\rectangle.obj
c:\metodynumeryczneprojekt\numericlib\numericlib\x64\debug\gauss_legendre.obj
c:\metodynumeryczneprojekt\numericlib\numericlib\x64\debug\approximation.obj
c:\metodynumeryczneprojekt\numericlib\numericlib\x64\debug\numericlib.obj
c:\metodynumeryczneprojekt\numericlib\numericlib\x64\debug\lu.obj
c:\metodynumeryczneprojekt\numericlib\numericlib\x64\debug\io.obj
c:\metodynumeryczneprojekt\numericlib\numericlib\x64\debug\numericlib.ilk
c:\metodynumeryczneprojekt\numericlib\x64\debug\numericlib.pdb
c:\metodynumeryczneprojekt\numericlib\x64\debug\numericlib.ilk
c:\metodynumeryczneprojekt\numericlib\numericlib\x64\debug\numericlib.tlog\cl.command.1.tlog
c:\metodynumeryczneprojekt\numericlib\numericlib\x64\debug\numericlib.tlog\cl.items.tlog
c:\metodynumeryczneprojekt\numericlib\numericlib\x64\debug\numericlib.tlog\cl.read.1.tlog
c:\metodynumeryczneprojekt\numericlib\numericlib\x64\debug\numericlib.tlog\cl.write.1.tlog
c:\metodynumeryczneprojekt\numericlib\numericlib\x64\debug\numericlib.tlog\link.24808-cvtres.read.1.tlog
c:\metodynumeryczneprojekt\numericlib\numericlib\x64\debug\numericlib.tlog\link.24808-cvtres.write.1.tlog
c:\metodynumeryczneprojekt\numericlib\numericlib\x64\debug\numericlib.tlog\link.24808-rc.read.1.tlog
c:\metodynumeryczneprojekt\numericlib\numericlib\x64\debug\numericlib.tlog\link.24808-rc.write.1.tlog
c:\metodynumeryczneprojekt\numericlib\numericlib\x64\debug\numericlib.tlog\link.24808.read.1.tlog
c:\metodynumeryczneprojekt\numericlib\numericlib\x64\debug\numericlib.tlog\link.24808.read.2.tlog
c:\metodynumeryczneprojekt\numericlib\numericlib\x64\debug\numericlib.tlog\link.24808.read.3.tlog
c:\metodynumeryczneprojekt\numericlib\numericlib\x64\debug\numericlib.tlog\link.24808.read.4.tlog
c:\metodynumeryczneprojekt\numericlib\numericlib\x64\debug\numericlib.tlog\link.24808.read.5.tlog
c:\metodynumeryczneprojekt\numericlib\numericlib\x64\debug\numericlib.tlog\link.24808.write.1.tlog
c:\metodynumeryczneprojekt\numericlib\numericlib\x64\debug\numericlib.tlog\link.command.1.tlog
c:\metodynumeryczneprojekt\numericlib\numericlib\x64\debug\numericlib.tlog\link.read.1.tlog
c:\metodynumeryczneprojekt\numericlib\numericlib\x64\debug\numericlib.tlog\link.secondary.1.tlog
c:\metodynumeryczneprojekt\numericlib\numericlib\x64\debug\numericlib.tlog\link.write.1.tlog
